0 info it worked if it ends with ok
1 verbose cli [ 'd:\\Programas\\Nodejs\\node.exe',
1 verbose cli   'd:\\Programas\\Nodejs\\node_modules\\npm\\bin\\npm-cli.js',
1 verbose cli   '-g',
1 verbose cli   'install' ]
2 info using npm@2.11.3
3 info using node@v0.12.7
4 verbose install initial load of C:\Users\fghiggi\AppData\Roaming\npm\package.json
5 verbose readDependencies loading dependencies from C:\Users\fghiggi\AppData\Roaming\npm\package.json
6 silly cache add args [ '.', null ]
7 verbose cache add spec .
8 silly cache add parsed spec { raw: '.',
8 silly cache add   scope: null,
8 silly cache add   name: null,
8 silly cache add   rawSpec: '.',
8 silly cache add   spec: 'c:\\Users\\fghiggi\\workspace\\restaurant',
8 silly cache add   type: 'directory' }
9 error addLocal Could not install c:\Users\fghiggi\workspace\restaurant
10 verbose stack Error: No version provided in package.json
10 verbose stack     at d:\Programas\Nodejs\node_modules\npm\lib\cache\add-local.js:70:17
10 verbose stack     at d:\Programas\Nodejs\node_modules\npm\node_modules\read-package-json\read-json.js:345:5
10 verbose stack     at checkBinReferences_ (d:\Programas\Nodejs\node_modules\npm\node_modules\read-package-json\read-json.js:309:45)
10 verbose stack     at final (d:\Programas\Nodejs\node_modules\npm\node_modules\read-package-json\read-json.js:343:3)
10 verbose stack     at then (d:\Programas\Nodejs\node_modules\npm\node_modules\read-package-json\read-json.js:113:5)
10 verbose stack     at d:\Programas\Nodejs\node_modules\npm\node_modules\read-package-json\read-json.js:300:12
10 verbose stack     at evalmachine.<anonymous>:334:14
10 verbose stack     at d:\Programas\Nodejs\node_modules\npm\node_modules\graceful-fs\graceful-fs.js:102:5
10 verbose stack     at FSReqWrap.oncomplete (evalmachine.<anonymous>:95:15)
11 verbose cwd c:\Users\fghiggi\workspace\restaurant
12 error Windows_NT 6.3.9600
13 error argv "d:\\Programas\\Nodejs\\node.exe" "d:\\Programas\\Nodejs\\node_modules\\npm\\bin\\npm-cli.js" "-g" "install"
14 error node v0.12.7
15 error npm  v2.11.3
16 error No version provided in package.json
17 error If you need help, you may report this error at:
17 error     <https://github.com/npm/npm/issues>
18 verbose exit [ 1, true ]
